<?xml version="1.0" encoding="UTF-8"?><testsuite errors="0" failures="0" name="com.student.junit.CrudModified" skipped="0" tests="6" time="5.83" timestamp="2020-03-86 06:27:55"><testcase classname="com.student.junit.CrudModified" name="verify extraction of data"/><testcase classname="com.student.junit.CrudModified" name="get all data"/><testcase classname="com.student.junit.CrudModified" name="Get students list"/><testcase classname="com.student.junit.CrudModified" name="post a new student"/><testcase classname="com.student.junit.CrudModified" name="update and verify data"/><testcase classname="com.student.junit.CrudModified" name="delete a student"/></testsuite>